<?xml version="1.0" encoding="UTF-8"?>
<!-- Generated by org.testng.reporters.JUnitXMLReporter -->
<testsuite ignored="0" hostname="DESKTOP-FUJRL4L" failures="0" tests="5" name="TestBox" time="26.557" errors="0" timestamp="2023-09-16T21:10:27 IST">
  <testcase classname="testcacses.OpenBrowserAndURL" name="openBrowserAndURL" time="16.271"/>
  <testcase classname="testcacses.TextBox_0001_Test" name="textBox_Link_Click" time="1.28"/>
  <testcase classname="testcacses.TextBox_0001_Test" name="textBox_Fill_The_Form_And_Print" time="3.534"/>
  <testcase classname="testcacses.TextBox_0001_Test" name="textBox_Fill_The_Form_And_Print" time="3.234"/>
  <testcase classname="testcacses.TextBox_0001_Test" name="teardown" time="0.577"/>
</testsuite> <!-- TestBox -->
