<?xml version="1.0" encoding="UTF-8"?>
<!-- Generated by org.testng.reporters.JUnitXMLReporter -->
<testsuite ignored="0" hostname="DESKTOP-FUJRL4L" failures="2" tests="5" name="TestBox" time="19.843" errors="0" timestamp="2023-09-17T23:45:46 IST">
  <testcase classname="testcacses.OpenBrowserAndURL" name="openBrowserAndURL" time="13.142"/>
  <testcase classname="testcacses.TextBox_0001_Test" name="textBox_Link_Click" time="1.573"/>
  <testcase classname="testcacses.TextBox_0001_Test" name="textBox_Fill_The_Form_And_Print" time="0.981">
    <failure type="java.lang.AssertionError" message="expected [false] but found [true]">
      <![CDATA[java.lang.AssertionError: expected [false] but found [true]
at pages.TextBox_0001_Page.textbox_Fill_The_Form_And_Print(TextBox_0001_Page.java:25)
at testcacses.TextBox_0001_Test.textBox_Fill_The_Form_And_Print(TextBox_0001_Test.java:22)
at java.base/java.util.ArrayList.forEach(ArrayList.java:1511)
... Removed 35 stack frames]]>
    </failure>
  </testcase> <!-- textBox_Fill_The_Form_And_Print -->
  <testcase classname="testcacses.TextBox_0001_Test" name="textBox_Fill_The_Form_And_Print" time="0.965">
    <failure type="java.lang.AssertionError" message="expected [false] but found [true]">
      <![CDATA[java.lang.AssertionError: expected [false] but found [true]
at pages.TextBox_0001_Page.textbox_Fill_The_Form_And_Print(TextBox_0001_Page.java:25)
at testcacses.TextBox_0001_Test.textBox_Fill_The_Form_And_Print(TextBox_0001_Test.java:22)
at java.base/java.util.ArrayList.forEach(ArrayList.java:1511)
... Removed 35 stack frames]]>
    </failure>
  </testcase> <!-- textBox_Fill_The_Form_And_Print -->
  <testcase classname="testcacses.TextBox_0001_Test" name="teardown" time="0.525"/>
</testsuite> <!-- TestBox -->
