<?xml version="1.0" encoding="UTF-8"?>
<!-- Generated by org.testng.reporters.JUnitXMLReporter -->
<testsuite ignored="0" hostname="DESKTOP-FUJRL4L" failures="0" tests="5" name="TestBox" time="22.639" errors="0" timestamp="2023-09-16T21:11:31 IST">
  <testcase classname="testcacses.OpenBrowserAndURL" name="openBrowserAndURL" time="12.539"/>
  <testcase classname="testcacses.TextBox_0001_Test" name="textBox_Link_Click" time="1.317"/>
  <testcase classname="testcacses.TextBox_0001_Test" name="textBox_Fill_The_Form_And_Print" time="3.386"/>
  <testcase classname="testcacses.TextBox_0001_Test" name="textBox_Fill_The_Form_And_Print" time="3.21"/>
  <testcase classname="testcacses.TextBox_0001_Test" name="teardown" time="0.697"/>
</testsuite> <!-- TestBox -->
